<?xml version="1.0" encoding="UTF-8"?>
<!-- Generated by org.testng.reporters.JUnitXMLReporter -->
<testsuite ignored="1" hostname="GAVLMUMDT-046" failures="0" tests="1" name="Default test" time="16.147" errors="0" timestamp="2025-01-28T19:02:51 IST">
  <testcase classname="io.gavl.SankalpWeb.VerifyCustomerTypeDetailTest" name="verifyCustomerTypeAsRetaier" time="12.3"/>
  <testcase classname="io.gavl.SankalpWeb.VerifyCustomerTypeDetailTest" name="verifyCustomerTypeAsDistributor" time="0.0">
    <ignored/>
  </testcase> <!-- verifyCustomerTypeAsDistributor -->
</testsuite> <!-- Default test -->
