<?xml version="1.0" encoding="UTF-8"?>
<!-- Generated by org.testng.reporters.JUnitXMLReporter -->
<testsuite ignored="17" hostname="GAVLMUMDT-046" failures="0" tests="1" name="Default test" time="33.567" errors="0" timestamp="2025-02-07T08:37:21 IST">
  <testcase classname="io.gavl.SankalpWeb.VerifyTopProductTest" name="verifyUserAbleToDowonloadImageOfThisMonthPeriodAndScanTypeAsValue" time="28.612"/>
  <testcase classname="io.gavl.SankalpWeb.VerifyTopProductTest" name="verifyUserAbleToDowonloadImageOfThisMonthPeriodAndScanTypeAsShipper" time="0.0">
    <ignored/>
  </testcase> <!-- verifyUserAbleToDowonloadImageOfThisMonthPeriodAndScanTypeAsShipper -->
  <testcase classname="io.gavl.SankalpWeb.VerifyTopProductTest" name="verifyUserAbleToDowonloadImageOfPreviousYearPeriodAndScanTypeAsShipper" time="0.0">
    <ignored/>
  </testcase> <!-- verifyUserAbleToDowonloadImageOfPreviousYearPeriodAndScanTypeAsShipper -->
  <testcase classname="io.gavl.SankalpWeb.VerifyTopProductTest" name="verifyUserAbleToDowonloadImageOfThisYearPeriodAndScanTypeAsShipper" time="0.0">
    <ignored/>
  </testcase> <!-- verifyUserAbleToDowonloadImageOfThisYearPeriodAndScanTypeAsShipper -->
  <testcase classname="io.gavl.SankalpWeb.VerifyTopProductTest" name="verifyUserAbleToDowonloadxlxsOfTodayPeriodAndScanTypeAsValue" time="0.0">
    <ignored/>
  </testcase> <!-- verifyUserAbleToDowonloadxlxsOfTodayPeriodAndScanTypeAsValue -->
  <testcase classname="io.gavl.SankalpWeb.VerifyTopProductTest" name="verifyUserAbleToDowonloadImageOfThisYearPeriodAndScanTypeAsWeight" time="0.0">
    <ignored/>
  </testcase> <!-- verifyUserAbleToDowonloadImageOfThisYearPeriodAndScanTypeAsWeight -->
  <testcase classname="io.gavl.SankalpWeb.VerifyTopProductTest" name="verifyUserAbleToDowonloadImageOfTodayPeriodAndScanTypeAsShipper" time="0.0">
    <ignored/>
  </testcase> <!-- verifyUserAbleToDowonloadImageOfTodayPeriodAndScanTypeAsShipper -->
  <testcase classname="io.gavl.SankalpWeb.VerifyTopProductTest" name="verifyUserAbleToDowonloadImageOfTodayPeriodAndScanTypeAsWeight" time="0.0">
    <ignored/>
  </testcase> <!-- verifyUserAbleToDowonloadImageOfTodayPeriodAndScanTypeAsWeight -->
  <testcase classname="io.gavl.SankalpWeb.VerifyTopProductTest" name="verifyUserAbleToDowonloadImageOfTodayPeriodAndScanTypeAsValue" time="0.0">
    <ignored/>
  </testcase> <!-- verifyUserAbleToDowonloadImageOfTodayPeriodAndScanTypeAsValue -->
  <testcase classname="io.gavl.SankalpWeb.VerifyTopProductTest" name="verifyUserAbleToDowonloadImageOfThisMonthPeriodAndScanTypeAsWeight" time="0.0">
    <ignored/>
  </testcase> <!-- verifyUserAbleToDowonloadImageOfThisMonthPeriodAndScanTypeAsWeight -->
  <testcase classname="io.gavl.SankalpWeb.VerifyTopProductTest" name="verifyUserAbleToDowonloadxlxsOfTodayPeriodAndScanTypeAsShipper" time="0.0">
    <ignored/>
  </testcase> <!-- verifyUserAbleToDowonloadxlxsOfTodayPeriodAndScanTypeAsShipper -->
  <testcase classname="io.gavl.SankalpWeb.VerifyTopProductTest" name="verifyUserAbleToDowonloadImageOfPreviousYearPeriodAndScanTypeAsWeight" time="0.0">
    <ignored/>
  </testcase> <!-- verifyUserAbleToDowonloadImageOfPreviousYearPeriodAndScanTypeAsWeight -->
  <testcase classname="io.gavl.SankalpWeb.VerifyTopProductTest" name="verifyUserAbleToDowonloadxlxsOfThisMonthPeriodAndScanTypeAsWeight" time="0.0">
    <ignored/>
  </testcase> <!-- verifyUserAbleToDowonloadxlxsOfThisMonthPeriodAndScanTypeAsWeight -->
  <testcase classname="io.gavl.SankalpWeb.VerifyTopProductTest" name="verifyUserAbleToDowonloadImageOfThisYearPeriodAndScanTypeAsValue" time="0.0">
    <ignored/>
  </testcase> <!-- verifyUserAbleToDowonloadImageOfThisYearPeriodAndScanTypeAsValue -->
  <testcase classname="io.gavl.SankalpWeb.VerifyTopProductTest" name="verifyTop10Functionality" time="0.0">
    <ignored/>
  </testcase> <!-- verifyTop10Functionality -->
  <testcase classname="io.gavl.SankalpWeb.VerifyTopProductTest" name="verifyUserAbleToDowonloadxlxsOfTodayPeriodAndScanTypeAsWeight" time="0.0">
    <ignored/>
  </testcase> <!-- verifyUserAbleToDowonloadxlxsOfTodayPeriodAndScanTypeAsWeight -->
  <testcase classname="io.gavl.SankalpWeb.VerifyTopProductTest" name="verifyAllFunctionality" time="0.0">
    <ignored/>
  </testcase> <!-- verifyAllFunctionality -->
  <testcase classname="io.gavl.SankalpWeb.VerifyTopProductTest" name="verifyUserAbleToDowonloadImageOfPreviousYearPeriodAndScanTypeAsValue" time="0.0">
    <ignored/>
  </testcase> <!-- verifyUserAbleToDowonloadImageOfPreviousYearPeriodAndScanTypeAsValue -->
</testsuite> <!-- Default test -->
