<?xml version="1.0" encoding="UTF-8"?>
<testng-results ignored="8" total="9" passed="1" failed="0" skipped="0">
  <reporter-output>
  </reporter-output>
  <suite started-at="2025-02-06T17:08:26 IST" name="Default suite" finished-at="2025-02-06T17:08:34 IST" duration-ms="8060">
    <groups>
    </groups>
    <test started-at="2025-02-06T17:08:26 IST" name="Default test" finished-at="2025-02-06T17:08:34 IST" duration-ms="8060">
      <class name="io.gavl.SankalpWeb.verifyTopProductAllFunctionalityThroughScanType">
        <test-method is-config="true" signature="Login()[pri:0, instance:io.gavl.SankalpWeb.verifyTopProductAllFunctionalityThroughScanType@5b239d7d]" started-at="2025-02-06T17:08:26 IST" name="Login" finished-at="2025-02-06T17:08:30 IST" duration-ms="3933" status="PASS">
          <reporter-output>
          </reporter-output>
        </test-method> <!-- Login -->
        <test-method signature="verifyTopProductPreviousYearAllFunctionalityThroughShipperScanType()[pri:0, instance:io.gavl.SankalpWeb.verifyTopProductAllFunctionalityThroughScanType@5b239d7d]" started-at="2025-02-06T17:08:30 IST" name="verifyTopProductPreviousYearAllFunctionalityThroughShipperScanType" finished-at="2025-02-06T17:08:34 IST" duration-ms="4111" status="PASS">
          <reporter-output>
          </reporter-output>
        </test-method> <!-- verifyTopProductPreviousYearAllFunctionalityThroughShipperScanType -->
      </class> <!-- io.gavl.SankalpWeb.verifyTopProductAllFunctionalityThroughScanType -->
    </test> <!-- Default test -->
  </suite> <!-- Default suite -->
</testng-results>
